#-----------------------------------------------------------
# Vivado v2016.2 (64-bit)
# SW Build 1577090 on Thu Jun  2 16:32:40 MDT 2016
# IP Build 1577682 on Fri Jun  3 12:00:54 MDT 2016
# Start of session at: Sun Jan 06 12:30:23 2019
# Process ID: 16508
# Current directory: C:/Users/14405/Desktop/数字逻辑/贪吃蛇大作业/SnakeGame
# Command line: vivado.exe -gui_launcher_event rodinguilauncherevent15096 C:\Users\14405\Desktop\数字逻辑\贪吃蛇大作业\SnakeGame\SnakeGame.xpr
# Log file: C:/Users/14405/Desktop/数字逻辑/贪吃蛇大作业/SnakeGame/vivado.log
# Journal file: C:/Users/14405/Desktop/数字逻辑/贪吃蛇大作业/SnakeGame\vivado.jou
#-----------------------------------------------------------
start_gui
open_project C:/Users/14405/Desktop/数字逻辑/贪吃蛇大作业/SnakeGame/SnakeGame.xpr
Scanning sources...
Finished scanning sources
INFO: [IP_Flow 19-234] Refreshing IP repositories
INFO: [IP_Flow 19-1704] No user IP repositories specified
INFO: [IP_Flow 19-2313] Loaded Vivado IP repository 'C:/Xilinx/Vivado/2016.2/data/ip'.
open_project: Time (s): cpu = 00:00:19 ; elapsed = 00:00:10 . Memory (MB): peak = 820.523 ; gain = 159.988
update_compile_order -fileset sources_1
