Vivado Simulator 2016.2
Copyright 1986-1999, 2001-2016 Xilinx, Inc. All Rights Reserved.
Running: C:/Xilinx/Vivado/2016.2/bin/unwrapped/win64.o/xelab.exe -wto 6855ab5770434ab18883ccc304c60d22 --debug typical --relax --mt 2 -L xil_defaultlib -L unisims_ver -L unimacro_ver -L secureip --snapshot snake_tb_behav xil_defaultlib.snake_tb xil_defaultlib.glbl -log elaborate.log 
Using 2 slave threads.
Starting static elaboration
WARNING: [VRFC 10-278] actual bit length 8 differs from formal bit length 7 for port seg_out [C:/Users/14405/Desktop/数字逻辑/贪吃蛇大作业/SnakeGame/SnakeGame.srcs/sim_1/new/snake_tb.v:49]
WARNING: [VRFC 10-278] actual bit length 4 differs from formal bit length 8 for port sel [C:/Users/14405/Desktop/数字逻辑/贪吃蛇大作业/SnakeGame/SnakeGame.srcs/sim_1/new/snake_tb.v:50]
Completed static elaboration
Starting simulation data flow analysis
WARNING: [XSIM 43-4099] "C:/Users/14405/Desktop/数字逻辑/贪吃蛇大作业/SnakeGame/SnakeGame.srcs/sources_1/new/top_greedy_snake.v" Line 3. Module top_greedy_snake doesn't have a timescale but at least one module in design has a timescale.
WARNING: [XSIM 43-4099] "C:/Users/14405/Desktop/数字逻辑/贪吃蛇大作业/SnakeGame/SnakeGame.srcs/sources_1/new/Game_Ctrl_Unit.v" Line 2. Module Game_Ctrl_Unit doesn't have a timescale but at least one module in design has a timescale.
WARNING: [XSIM 43-4099] "C:/Users/14405/Desktop/数字逻辑/贪吃蛇大作业/SnakeGame/SnakeGame.srcs/sources_1/new/Snake_Eatting_Apple.v" Line 2. Module Snake_Eatting_Apple doesn't have a timescale but at least one module in design has a timescale.
WARNING: [XSIM 43-4099] "C:/Users/14405/Desktop/数字逻辑/贪吃蛇大作业/SnakeGame/SnakeGame.srcs/sources_1/new/Snake.v" Line 2. Module Snake doesn't have a timescale but at least one module in design has a timescale.
WARNING: [XSIM 43-4099] "C:/Users/14405/Desktop/数字逻辑/贪吃蛇大作业/SnakeGame/SnakeGame.srcs/sources_1/new/clk_unit.v" Line 2. Module clk_unit doesn't have a timescale but at least one module in design has a timescale.
WARNING: [XSIM 43-4099] "C:/Users/14405/Desktop/数字逻辑/贪吃蛇大作业/SnakeGame/SnakeGame.srcs/sources_1/new/VGA_Control.v" Line 2. Module VGA_Control doesn't have a timescale but at least one module in design has a timescale.
WARNING: [XSIM 43-4099] "C:/Users/14405/Desktop/数字逻辑/贪吃蛇大作业/SnakeGame/SnakeGame.srcs/sources_1/new/Key.v" Line 2. Module Key doesn't have a timescale but at least one module in design has a timescale.
WARNING: [XSIM 43-4099] "C:/Users/14405/Desktop/数字逻辑/贪吃蛇大作业/SnakeGame/SnakeGame.srcs/sources_1/new/Seg_Display.v" Line 2. Module Seg_Display doesn't have a timescale but at least one module in design has a timescale.
WARNING: [XSIM 43-4099] "C:/Users/14405/Desktop/数字逻辑/贪吃蛇大作业/SnakeGame/SnakeGame.srcs/sources_1/new/top_greedy_snake.v" Line 3. Module top_greedy_snake doesn't have a timescale but at least one module in design has a timescale.
WARNING: [XSIM 43-4099] "C:/Users/14405/Desktop/数字逻辑/贪吃蛇大作业/SnakeGame/SnakeGame.srcs/sources_1/new/Game_Ctrl_Unit.v" Line 2. Module Game_Ctrl_Unit doesn't have a timescale but at least one module in design has a timescale.
WARNING: [XSIM 43-4099] "C:/Users/14405/Desktop/数字逻辑/贪吃蛇大作业/SnakeGame/SnakeGame.srcs/sources_1/new/Snake_Eatting_Apple.v" Line 2. Module Snake_Eatting_Apple doesn't have a timescale but at least one module in design has a timescale.
WARNING: [XSIM 43-4099] "C:/Users/14405/Desktop/数字逻辑/贪吃蛇大作业/SnakeGame/SnakeGame.srcs/sources_1/new/Snake.v" Line 2. Module Snake doesn't have a timescale but at least one module in design has a timescale.
WARNING: [XSIM 43-4099] "C:/Users/14405/Desktop/数字逻辑/贪吃蛇大作业/SnakeGame/SnakeGame.srcs/sources_1/new/clk_unit.v" Line 2. Module clk_unit doesn't have a timescale but at least one module in design has a timescale.
WARNING: [XSIM 43-4099] "C:/Users/14405/Desktop/数字逻辑/贪吃蛇大作业/SnakeGame/SnakeGame.srcs/sources_1/new/VGA_Control.v" Line 2. Module VGA_Control doesn't have a timescale but at least one module in design has a timescale.
WARNING: [XSIM 43-4099] "C:/Users/14405/Desktop/数字逻辑/贪吃蛇大作业/SnakeGame/SnakeGame.srcs/sources_1/new/Key.v" Line 2. Module Key doesn't have a timescale but at least one module in design has a timescale.
WARNING: [XSIM 43-4099] "C:/Users/14405/Desktop/数字逻辑/贪吃蛇大作业/SnakeGame/SnakeGame.srcs/sources_1/new/Seg_Display.v" Line 2. Module Seg_Display doesn't have a timescale but at least one module in design has a timescale.
Completed simulation data flow analysis
Time Resolution for simulation is 1ps
Compiling module xil_defaultlib.Game_Ctrl_Unit
Compiling module xil_defaultlib.Snake_Eatting_Apple
Compiling module xil_defaultlib.Snake
Compiling module xil_defaultlib.clk_unit
Compiling module xil_defaultlib.VGA_Control
Compiling module xil_defaultlib.VGA_top
Compiling module xil_defaultlib.Key
Compiling module xil_defaultlib.Seg_Display
Compiling module xil_defaultlib.top_greedy_snake
Compiling module xil_defaultlib.snake_tb
Compiling module xil_defaultlib.glbl
Built simulation snapshot snake_tb_behav
